<?xml version="1.0" encoding="UTF-8"?>
<coverage generated="1732173855168" clover="3.2.0">
  <project timestamp="1732173855168" name="All files">
    <metrics statements="56" coveredstatements="30" conditionals="21" coveredconditionals="13" methods="7" coveredmethods="6" elements="84" coveredelements="49" complexity="0" loc="56" ncloc="56" packages="1" files="1" classes="1"/>
    <file name="join.ts" path="/Users/tsungyu/Desktop/Develop-plugin/.obsidian/plugins/obsidian-join-lines/join.ts">
      <metrics statements="56" coveredstatements="30" conditionals="21" coveredconditionals="13" methods="7" coveredmethods="6"/>
      <line num="1" count="1" type="stmt"/>
      <line num="2" count="5" type="stmt"/>
      <line num="3" count="5" type="cond" truecount="5" falsecount="0"/>
      <line num="4" count="2" type="stmt"/>
      <line num="5" count="2" type="stmt"/>
      <line num="7" count="3" type="stmt"/>
      <line num="10" count="1" type="stmt"/>
      <line num="14" count="12" type="stmt"/>
      <line num="15" count="12" type="cond" truecount="1" falsecount="0"/>
      <line num="16" count="3" type="stmt"/>
      <line num="18" count="9" type="stmt"/>
      <line num="19" count="9" type="stmt"/>
      <line num="21" count="9" type="stmt"/>
      <line num="23" count="9" type="stmt"/>
      <line num="26" count="1" type="stmt"/>
      <line num="30" count="12" type="stmt"/>
      <line num="31" count="12" type="cond" truecount="1" falsecount="0"/>
      <line num="32" count="3" type="stmt"/>
      <line num="35" count="9" type="stmt"/>
      <line num="36" count="9" type="stmt"/>
      <line num="38" count="9" type="stmt"/>
      <line num="40" count="9" type="stmt"/>
      <line num="47" count="24" type="cond" truecount="3" falsecount="0"/>
      <line num="50" count="36" type="stmt"/>
      <line num="51" count="36" type="cond" truecount="3" falsecount="0"/>
      <line num="52" count="12" type="stmt"/>
      <line num="53" count="12" type="stmt"/>
      <line num="54" count="12" type="stmt"/>
      <line num="56" count="24" type="stmt"/>
      <line num="59" count="18" type="stmt"/>
      <line num="66" count="0" type="stmt"/>
      <line num="67" count="0" type="cond" truecount="0" falsecount="1"/>
      <line num="68" count="0" type="stmt"/>
      <line num="70" count="0" type="stmt"/>
      <line num="71" count="0" type="stmt"/>
      <line num="72" count="0" type="cond" truecount="0" falsecount="1"/>
      <line num="74" count="0" type="stmt"/>
      <line num="76" count="0" type="stmt"/>
      <line num="79" count="0" type="stmt"/>
      <line num="80" count="0" type="stmt"/>
      <line num="82" count="0" type="cond" truecount="0" falsecount="3"/>
      <line num="83" count="0" type="stmt"/>
      <line num="84" count="0" type="stmt"/>
      <line num="87" count="0" type="cond" truecount="0" falsecount="1"/>
      <line num="88" count="0" type="stmt"/>
      <line num="90" count="0" type="stmt"/>
      <line num="91" count="0" type="stmt"/>
      <line num="93" count="0" type="stmt"/>
      <line num="94" count="0" type="cond" truecount="0" falsecount="1"/>
      <line num="95" count="0" type="stmt"/>
      <line num="96" count="0" type="stmt"/>
      <line num="99" count="0" type="cond" truecount="0" falsecount="1"/>
      <line num="100" count="0" type="stmt"/>
      <line num="102" count="0" type="stmt"/>
      <line num="103" count="0" type="stmt"/>
      <line num="105" count="0" type="stmt"/>
    </file>
  </project>
</coverage>
