{"/Users/tsungyu/Desktop/Develop-plugin/.obsidian/plugins/obsidian-join-lines/join.ts": {"path":"/Users/tsungyu/Desktop/Develop-plugin/.obsidian/plugins/obsidian-join-lines/join.ts","statementMap":{"0":{"start":{"line":2,"column":15},"end":{"line":2,"column":46}},"1":{"start":{"line":3,"column":1},"end":{"line":5,"column":2}},"2":{"start":{"line":4,"column":2},"end":{"line":4,"column":59}},"3":{"start":{"line":6,"column":1},"end":{"line":6,"column":44}},"4":{"start":{"line":10,"column":1},"end":{"line":10,"column":69}},"5":{"start":{"line":13,"column":15},"end":{"line":13,"column":60}},"6":{"start":{"line":14,"column":1},"end":{"line":18,"column":2}},"7":{"start":{"line":15,"column":19},"end":{"line":15,"column":27}},"8":{"start":{"line":16,"column":16},"end":{"line":16,"column":31}},"9":{"start":{"line":17,"column":2},"end":{"line":17,"column":39}},"10":{"start":{"line":19,"column":1},"end":{"line":19,"column":22}},"11":{"start":{"line":23,"column":1},"end":{"line":23,"column":70}},"12":{"start":{"line":30,"column":1},"end":{"line":30,"column":39}},"13":{"start":{"line":31,"column":1},"end":{"line":33,"column":2}},"14":{"start":{"line":32,"column":2},"end":{"line":32,"column":45}},"15":{"start":{"line":34,"column":1},"end":{"line":37,"column":2}},"16":{"start":{"line":35,"column":2},"end":{"line":35,"column":37}},"17":{"start":{"line":36,"column":2},"end":{"line":36,"column":27}},"18":{"start":{"line":38,"column":1},"end":{"line":38,"column":36}},"19":{"start":{"line":39,"column":1},"end":{"line":46,"column":2}},"20":{"start":{"line":40,"column":2},"end":{"line":45,"column":4}},"21":{"start":{"line":48,"column":1},"end":{"line":54,"column":2}},"22":{"start":{"line":49,"column":2},"end":{"line":53,"column":4}},"23":{"start":{"line":56,"column":1},"end":{"line":56,"column":69}},"24":{"start":{"line":26,"column":0},"end":{"line":26,"column":16}},"25":{"start":{"line":63,"column":1},"end":{"line":63,"column":47}},"26":{"start":{"line":64,"column":1},"end":{"line":66,"column":2}},"27":{"start":{"line":65,"column":2},"end":{"line":65,"column":53}},"28":{"start":{"line":68,"column":39},"end":{"line":68,"column":73}},"29":{"start":{"line":69,"column":39},"end":{"line":69,"column":72}},"30":{"start":{"line":71,"column":1},"end":{"line":71,"column":56}},"31":{"start":{"line":73,"column":1},"end":{"line":76,"column":3}},"32":{"start":{"line":59,"column":0},"end":{"line":59,"column":16}},"33":{"start":{"line":79,"column":15},"end":{"line":79,"column":35}},"34":{"start":{"line":80,"column":1},"end":{"line":82,"column":2}},"35":{"start":{"line":81,"column":2},"end":{"line":81,"column":40}},"36":{"start":{"line":83,"column":1},"end":{"line":83,"column":34}},"37":{"start":{"line":78,"column":0},"end":{"line":78,"column":16}}},"fnMap":{"0":{"name":"parseHeading","decl":{"start":{"line":1,"column":9},"end":{"line":1,"column":21}},"loc":{"start":{"line":1,"column":38},"end":{"line":7,"column":1}}},"1":{"name":"isNullOrEmpty","decl":{"start":{"line":9,"column":9},"end":{"line":9,"column":22}},"loc":{"start":{"line":9,"column":53},"end":{"line":11,"column":1}}},"2":{"name":"checkIndentLevel","decl":{"start":{"line":12,"column":9},"end":{"line":12,"column":25}},"loc":{"start":{"line":12,"column":42},"end":{"line":20,"column":1}}},"3":{"name":"trimMarkdownListSymbol","decl":{"start":{"line":22,"column":9},"end":{"line":22,"column":31}},"loc":{"start":{"line":22,"column":48},"end":{"line":24,"column":1}}},"4":{"name":"joinNextLine","decl":{"start":{"line":26,"column":16},"end":{"line":26,"column":28}},"loc":{"start":{"line":28,"column":21},"end":{"line":57,"column":1}}},"5":{"name":"joinPreviousLine","decl":{"start":{"line":59,"column":16},"end":{"line":59,"column":32}},"loc":{"start":{"line":61,"column":24},"end":{"line":77,"column":1}}},"6":{"name":"joinLinesSelectText","decl":{"start":{"line":78,"column":16},"end":{"line":78,"column":35}},"loc":{"start":{"line":78,"column":48},"end":{"line":84,"column":1}}}},"branchMap":{"0":{"loc":{"start":{"line":3,"column":1},"end":{"line":5,"column":2}},"type":"if","locations":[{"start":{"line":3,"column":1},"end":{"line":5,"column":2}}]},"1":{"loc":{"start":{"line":10,"column":8},"end":{"line":10,"column":68}},"type":"binary-expr","locations":[{"start":{"line":10,"column":8},"end":{"line":10,"column":20}},{"start":{"line":10,"column":24},"end":{"line":10,"column":41}},{"start":{"line":10,"column":45},"end":{"line":10,"column":68}}]},"2":{"loc":{"start":{"line":14,"column":1},"end":{"line":18,"column":2}},"type":"if","locations":[{"start":{"line":14,"column":1},"end":{"line":18,"column":2}}]},"3":{"loc":{"start":{"line":14,"column":5},"end":{"line":14,"column":32}},"type":"binary-expr","locations":[{"start":{"line":14,"column":5},"end":{"line":14,"column":10}},{"start":{"line":14,"column":14},"end":{"line":14,"column":32}}]},"4":{"loc":{"start":{"line":31,"column":1},"end":{"line":33,"column":2}},"type":"if","locations":[{"start":{"line":31,"column":1},"end":{"line":33,"column":2}}]},"5":{"loc":{"start":{"line":34,"column":1},"end":{"line":37,"column":2}},"type":"if","locations":[{"start":{"line":34,"column":1},"end":{"line":37,"column":2}}]},"6":{"loc":{"start":{"line":39,"column":1},"end":{"line":46,"column":2}},"type":"if","locations":[{"start":{"line":39,"column":1},"end":{"line":46,"column":2}}]},"7":{"loc":{"start":{"line":39,"column":5},"end":{"line":39,"column":65}},"type":"binary-expr","locations":[{"start":{"line":39,"column":5},"end":{"line":39,"column":34}},{"start":{"line":39,"column":38},"end":{"line":39,"column":65}}]},"8":{"loc":{"start":{"line":48,"column":1},"end":{"line":54,"column":2}},"type":"if","locations":[{"start":{"line":48,"column":1},"end":{"line":54,"column":2}}]},"9":{"loc":{"start":{"line":48,"column":5},"end":{"line":48,"column":63}},"type":"binary-expr","locations":[{"start":{"line":48,"column":5},"end":{"line":48,"column":31}},{"start":{"line":48,"column":35},"end":{"line":48,"column":63}}]},"10":{"loc":{"start":{"line":64,"column":1},"end":{"line":66,"column":2}},"type":"if","locations":[{"start":{"line":64,"column":1},"end":{"line":66,"column":2}}]},"11":{"loc":{"start":{"line":80,"column":1},"end":{"line":82,"column":2}},"type":"if","locations":[{"start":{"line":80,"column":1},"end":{"line":82,"column":2}}]},"12":{"loc":{"start":{"line":80,"column":5},"end":{"line":80,"column":18}},"type":"cond-expr","locations":[{"start":{"line":80,"column":10},"end":{"line":80,"column":12}},{"start":{"line":80,"column":5},"end":{"line":80,"column":18}}]},"13":{"loc":{"start":{"line":80,"column":5},"end":{"line":80,"column":12}},"type":"binary-expr","locations":[{"start":{"line":80,"column":5},"end":{"line":80,"column":12}},{"start":{"line":80,"column":5},"end":{"line":80,"column":12}}]}},"s":{"0":0,"1":0,"2":0,"3":0,"4":2,"5":0,"6":0,"7":0,"8":0,"9":0,"10":0,"11":0,"12":1,"13":1,"14":0,"15":1,"16":0,"17":0,"18":1,"19":1,"20":0,"21":1,"22":0,"23":1,"24":1,"25":0,"26":0,"27":0,"28":0,"29":0,"30":0,"31":0,"32":1,"33":0,"34":0,"35":0,"36":0,"37":1},"f":{"0":0,"1":2,"2":0,"3":0,"4":1,"5":0,"6":0},"b":{"0":[0],"1":[2,2,2],"2":[0],"3":[0,0],"4":[0],"5":[0],"6":[0],"7":[1,0],"8":[0],"9":[1,0],"10":[0],"11":[0],"12":[0,0],"13":[0,0]}}
}
