{"/Users/tsungyu/Library/Mobile Documents/iCloud~md~obsidian/Documents/資工筆記/資工研究所/.obsidian/plugins/obsidian-join-lines/join.ts": {"path":"/Users/tsungyu/Library/Mobile Documents/iCloud~md~obsidian/Documents/資工筆記/資工研究所/.obsidian/plugins/obsidian-join-lines/join.ts","statementMap":{"0":{"start":{"line":2,"column":15},"end":{"line":2,"column":46}},"1":{"start":{"line":3,"column":1},"end":{"line":5,"column":2}},"2":{"start":{"line":4,"column":2},"end":{"line":4,"column":59}},"3":{"start":{"line":6,"column":1},"end":{"line":6,"column":44}},"4":{"start":{"line":10,"column":1},"end":{"line":10,"column":69}},"5":{"start":{"line":13,"column":15},"end":{"line":13,"column":60}},"6":{"start":{"line":14,"column":1},"end":{"line":18,"column":2}},"7":{"start":{"line":15,"column":19},"end":{"line":15,"column":27}},"8":{"start":{"line":16,"column":16},"end":{"line":16,"column":31}},"9":{"start":{"line":17,"column":2},"end":{"line":17,"column":39}},"10":{"start":{"line":19,"column":1},"end":{"line":19,"column":22}},"11":{"start":{"line":23,"column":1},"end":{"line":23,"column":70}},"12":{"start":{"line":30,"column":1},"end":{"line":30,"column":39}},"13":{"start":{"line":31,"column":1},"end":{"line":33,"column":2}},"14":{"start":{"line":32,"column":2},"end":{"line":32,"column":45}},"15":{"start":{"line":34,"column":1},"end":{"line":37,"column":2}},"16":{"start":{"line":35,"column":2},"end":{"line":35,"column":37}},"17":{"start":{"line":36,"column":2},"end":{"line":36,"column":27}},"18":{"start":{"line":38,"column":1},"end":{"line":38,"column":39}},"19":{"start":{"line":39,"column":1},"end":{"line":55,"column":2}},"20":{"start":{"line":40,"column":2},"end":{"line":46,"column":3}},"21":{"start":{"line":41,"column":3},"end":{"line":41,"column":63}},"22":{"start":{"line":42,"column":3},"end":{"line":42,"column":38}},"23":{"start":{"line":44,"column":3},"end":{"line":44,"column":55}},"24":{"start":{"line":45,"column":3},"end":{"line":45,"column":38}},"25":{"start":{"line":47,"column":2},"end":{"line":49,"column":3}},"26":{"start":{"line":48,"column":3},"end":{"line":48,"column":52}},"27":{"start":{"line":50,"column":2},"end":{"line":50,"column":62}},"28":{"start":{"line":51,"column":2},"end":{"line":53,"column":3}},"29":{"start":{"line":52,"column":3},"end":{"line":52,"column":34}},"30":{"start":{"line":54,"column":2},"end":{"line":54,"column":66}},"31":{"start":{"line":57,"column":1},"end":{"line":63,"column":2}},"32":{"start":{"line":58,"column":2},"end":{"line":58,"column":43}},"33":{"start":{"line":59,"column":2},"end":{"line":62,"column":4}},"34":{"start":{"line":65,"column":39},"end":{"line":65,"column":69}},"35":{"start":{"line":66,"column":39},"end":{"line":66,"column":69}},"36":{"start":{"line":67,"column":21},"end":{"line":67,"column":47}},"37":{"start":{"line":68,"column":1},"end":{"line":72,"column":2}},"38":{"start":{"line":69,"column":2},"end":{"line":69,"column":34}},"39":{"start":{"line":71,"column":2},"end":{"line":71,"column":54}},"40":{"start":{"line":73,"column":1},"end":{"line":73,"column":85}},"41":{"start":{"line":74,"column":1},"end":{"line":76,"column":2}},"42":{"start":{"line":75,"column":2},"end":{"line":75,"column":60}},"43":{"start":{"line":77,"column":1},"end":{"line":77,"column":65}},"44":{"start":{"line":26,"column":0},"end":{"line":26,"column":16}},"45":{"start":{"line":80,"column":15},"end":{"line":80,"column":35}},"46":{"start":{"line":81,"column":1},"end":{"line":83,"column":2}},"47":{"start":{"line":82,"column":2},"end":{"line":82,"column":40}},"48":{"start":{"line":84,"column":1},"end":{"line":84,"column":34}},"49":{"start":{"line":79,"column":0},"end":{"line":79,"column":16}},"50":{"start":{"line":87,"column":15},"end":{"line":87,"column":32}},"51":{"start":{"line":88,"column":19},"end":{"line":88,"column":24}},"52":{"start":{"line":89,"column":19},"end":{"line":89,"column":24}},"53":{"start":{"line":90,"column":24},"end":{"line":90,"column":26}},"54":{"start":{"line":91,"column":28},"end":{"line":91,"column":30}},"55":{"start":{"line":92,"column":24},"end":{"line":92,"column":26}},"56":{"start":{"line":94,"column":1},"end":{"line":141,"column":2}},"57":{"start":{"line":95,"column":2},"end":{"line":95,"column":21}},"58":{"start":{"line":96,"column":2},"end":{"line":96,"column":28}},"59":{"start":{"line":97,"column":2},"end":{"line":97,"column":32}},"60":{"start":{"line":98,"column":2},"end":{"line":98,"column":40}},"61":{"start":{"line":99,"column":2},"end":{"line":140,"column":3}},"62":{"start":{"line":100,"column":3},"end":{"line":125,"column":4}},"63":{"start":{"line":102,"column":4},"end":{"line":124,"column":5}},"64":{"start":{"line":103,"column":16},"end":{"line":103,"column":34}},"65":{"start":{"line":104,"column":5},"end":{"line":109,"column":6}},"66":{"start":{"line":105,"column":6},"end":{"line":105,"column":40}},"67":{"start":{"line":106,"column":6},"end":{"line":106,"column":28}},"68":{"start":{"line":108,"column":6},"end":{"line":108,"column":24}},"69":{"start":{"line":110,"column":5},"end":{"line":110,"column":39}},"70":{"start":{"line":111,"column":5},"end":{"line":118,"column":7}},"71":{"start":{"line":114,"column":8},"end":{"line":116,"column":10}},"72":{"start":{"line":119,"column":5},"end":{"line":119,"column":37}},"73":{"start":{"line":120,"column":5},"end":{"line":120,"column":21}},"74":{"start":{"line":122,"column":5},"end":{"line":122,"column":45}},"75":{"start":{"line":123,"column":5},"end":{"line":123,"column":21}},"76":{"start":{"line":126,"column":3},"end":{"line":126,"column":30}},"77":{"start":{"line":127,"column":9},"end":{"line":140,"column":3}},"78":{"start":{"line":128,"column":3},"end":{"line":128,"column":32}},"79":{"start":{"line":129,"column":9},"end":{"line":140,"column":3}},"80":{"start":{"line":130,"column":3},"end":{"line":136,"column":4}},"81":{"start":{"line":131,"column":15},"end":{"line":131,"column":33}},"82":{"start":{"line":132,"column":4},"end":{"line":132,"column":23}},"83":{"start":{"line":133,"column":4},"end":{"line":133,"column":22}},"84":{"start":{"line":135,"column":4},"end":{"line":135,"column":22}},"85":{"start":{"line":137,"column":3},"end":{"line":137,"column":22}},"86":{"start":{"line":139,"column":3},"end":{"line":139,"column":23}},"87":{"start":{"line":144,"column":1},"end":{"line":147,"column":2}},"88":{"start":{"line":145,"column":2},"end":{"line":145,"column":22}},"89":{"start":{"line":146,"column":2},"end":{"line":146,"column":58}},"90":{"start":{"line":146,"column":42},"end":{"line":146,"column":55}},"91":{"start":{"line":149,"column":1},"end":{"line":149,"column":26}},"92":{"start":{"line":86,"column":0},"end":{"line":86,"column":16}},"93":{"start":{"line":155,"column":1},"end":{"line":155,"column":47}},"94":{"start":{"line":156,"column":1},"end":{"line":158,"column":2}},"95":{"start":{"line":157,"column":2},"end":{"line":157,"column":53}},"96":{"start":{"line":160,"column":39},"end":{"line":160,"column":73}},"97":{"start":{"line":161,"column":39},"end":{"line":161,"column":72}},"98":{"start":{"line":163,"column":1},"end":{"line":163,"column":56}},"99":{"start":{"line":165,"column":1},"end":{"line":168,"column":3}},"100":{"start":{"line":151,"column":0},"end":{"line":151,"column":16}},"101":{"start":{"line":217,"column":1},"end":{"line":217,"column":36}}},"fnMap":{"0":{"name":"parseHeading","decl":{"start":{"line":1,"column":9},"end":{"line":1,"column":21}},"loc":{"start":{"line":1,"column":38},"end":{"line":7,"column":1}}},"1":{"name":"isNullOrEmpty","decl":{"start":{"line":9,"column":9},"end":{"line":9,"column":22}},"loc":{"start":{"line":9,"column":53},"end":{"line":11,"column":1}}},"2":{"name":"checkIndentLevel","decl":{"start":{"line":12,"column":9},"end":{"line":12,"column":25}},"loc":{"start":{"line":12,"column":42},"end":{"line":20,"column":1}}},"3":{"name":"trimMarkdownListSymbol","decl":{"start":{"line":22,"column":9},"end":{"line":22,"column":31}},"loc":{"start":{"line":22,"column":48},"end":{"line":24,"column":1}}},"4":{"name":"joinNextLine","decl":{"start":{"line":26,"column":16},"end":{"line":26,"column":28}},"loc":{"start":{"line":28,"column":21},"end":{"line":78,"column":1}}},"5":{"name":"joinLinesSelectText","decl":{"start":{"line":79,"column":16},"end":{"line":79,"column":35}},"loc":{"start":{"line":79,"column":48},"end":{"line":85,"column":1}}},"6":{"name":"joinLinesSelectText_mathblock","decl":{"start":{"line":86,"column":16},"end":{"line":86,"column":45}},"loc":{"start":{"line":86,"column":59},"end":{"line":150,"column":1}}},"7":{"name":"(anonymous_7)","decl":{"start":{"line":113,"column":7},"end":{"line":113,"column":8}},"loc":{"start":{"line":114,"column":8},"end":{"line":116,"column":10}}},"8":{"name":"(anonymous_8)","decl":{"start":{"line":146,"column":32},"end":{"line":146,"column":33}},"loc":{"start":{"line":146,"column":42},"end":{"line":146,"column":55}}},"9":{"name":"joinPreviousLine","decl":{"start":{"line":151,"column":16},"end":{"line":151,"column":32}},"loc":{"start":{"line":153,"column":24},"end":{"line":169,"column":1}}},"10":{"name":"isChinese","decl":{"start":{"line":216,"column":9},"end":{"line":216,"column":18}},"loc":{"start":{"line":216,"column":30},"end":{"line":218,"column":1}}}},"branchMap":{"0":{"loc":{"start":{"line":3,"column":1},"end":{"line":5,"column":2}},"type":"if","locations":[{"start":{"line":3,"column":1},"end":{"line":5,"column":2}}]},"1":{"loc":{"start":{"line":10,"column":8},"end":{"line":10,"column":68}},"type":"binary-expr","locations":[{"start":{"line":10,"column":8},"end":{"line":10,"column":20}},{"start":{"line":10,"column":24},"end":{"line":10,"column":41}},{"start":{"line":10,"column":45},"end":{"line":10,"column":68}}]},"2":{"loc":{"start":{"line":14,"column":1},"end":{"line":18,"column":2}},"type":"if","locations":[{"start":{"line":14,"column":1},"end":{"line":18,"column":2}}]},"3":{"loc":{"start":{"line":14,"column":5},"end":{"line":14,"column":32}},"type":"binary-expr","locations":[{"start":{"line":14,"column":5},"end":{"line":14,"column":10}},{"start":{"line":14,"column":14},"end":{"line":14,"column":32}}]},"4":{"loc":{"start":{"line":31,"column":1},"end":{"line":33,"column":2}},"type":"if","locations":[{"start":{"line":31,"column":1},"end":{"line":33,"column":2}}]},"5":{"loc":{"start":{"line":34,"column":1},"end":{"line":37,"column":2}},"type":"if","locations":[{"start":{"line":34,"column":1},"end":{"line":37,"column":2}}]},"6":{"loc":{"start":{"line":39,"column":1},"end":{"line":55,"column":2}},"type":"if","locations":[{"start":{"line":39,"column":1},"end":{"line":55,"column":2}}]},"7":{"loc":{"start":{"line":39,"column":5},"end":{"line":39,"column":63}},"type":"binary-expr","locations":[{"start":{"line":39,"column":5},"end":{"line":39,"column":32}},{"start":{"line":39,"column":36},"end":{"line":39,"column":63}}]},"8":{"loc":{"start":{"line":40,"column":2},"end":{"line":46,"column":3}},"type":"if","locations":[{"start":{"line":40,"column":2},"end":{"line":46,"column":3}},{"start":{"line":43,"column":9},"end":{"line":46,"column":3}}]},"9":{"loc":{"start":{"line":47,"column":2},"end":{"line":49,"column":3}},"type":"if","locations":[{"start":{"line":47,"column":2},"end":{"line":49,"column":3}}]},"10":{"loc":{"start":{"line":51,"column":2},"end":{"line":53,"column":3}},"type":"if","locations":[{"start":{"line":51,"column":2},"end":{"line":53,"column":3}}]},"11":{"loc":{"start":{"line":57,"column":1},"end":{"line":63,"column":2}},"type":"if","locations":[{"start":{"line":57,"column":1},"end":{"line":63,"column":2}}]},"12":{"loc":{"start":{"line":57,"column":5},"end":{"line":57,"column":63}},"type":"binary-expr","locations":[{"start":{"line":57,"column":5},"end":{"line":57,"column":31}},{"start":{"line":57,"column":35},"end":{"line":57,"column":63}}]},"13":{"loc":{"start":{"line":68,"column":1},"end":{"line":72,"column":2}},"type":"if","locations":[{"start":{"line":68,"column":1},"end":{"line":72,"column":2}},{"start":{"line":70,"column":8},"end":{"line":72,"column":2}}]},"14":{"loc":{"start":{"line":74,"column":1},"end":{"line":76,"column":2}},"type":"if","locations":[{"start":{"line":74,"column":1},"end":{"line":76,"column":2}}]},"15":{"loc":{"start":{"line":74,"column":5},"end":{"line":74,"column":77}},"type":"binary-expr","locations":[{"start":{"line":74,"column":5},"end":{"line":74,"column":38}},{"start":{"line":74,"column":42},"end":{"line":74,"column":77}}]},"16":{"loc":{"start":{"line":81,"column":1},"end":{"line":83,"column":2}},"type":"if","locations":[{"start":{"line":81,"column":1},"end":{"line":83,"column":2}}]},"17":{"loc":{"start":{"line":81,"column":5},"end":{"line":81,"column":18}},"type":"cond-expr","locations":[{"start":{"line":81,"column":10},"end":{"line":81,"column":12}},{"start":{"line":81,"column":5},"end":{"line":81,"column":18}}]},"18":{"loc":{"start":{"line":81,"column":5},"end":{"line":81,"column":12}},"type":"binary-expr","locations":[{"start":{"line":81,"column":5},"end":{"line":81,"column":12}},{"start":{"line":81,"column":5},"end":{"line":81,"column":12}}]},"19":{"loc":{"start":{"line":99,"column":2},"end":{"line":140,"column":3}},"type":"if","locations":[{"start":{"line":99,"column":2},"end":{"line":140,"column":3}},{"start":{"line":127,"column":9},"end":{"line":140,"column":3}}]},"20":{"loc":{"start":{"line":100,"column":3},"end":{"line":125,"column":4}},"type":"if","locations":[{"start":{"line":100,"column":3},"end":{"line":125,"column":4}}]},"21":{"loc":{"start":{"line":100,"column":7},"end":{"line":100,"column":34}},"type":"binary-expr","locations":[{"start":{"line":100,"column":7},"end":{"line":100,"column":18}},{"start":{"line":100,"column":22},"end":{"line":100,"column":34}}]},"22":{"loc":{"start":{"line":102,"column":4},"end":{"line":124,"column":5}},"type":"if","locations":[{"start":{"line":102,"column":4},"end":{"line":124,"column":5}},{"start":{"line":121,"column":11},"end":{"line":124,"column":5}}]},"23":{"loc":{"start":{"line":103,"column":16},"end":{"line":103,"column":34}},"type":"cond-expr","locations":[{"start":{"line":103,"column":28},"end":{"line":103,"column":32}},{"start":{"line":103,"column":32},"end":{"line":103,"column":34}}]},"24":{"loc":{"start":{"line":103,"column":16},"end":{"line":103,"column":32}},"type":"binary-expr","locations":[{"start":{"line":103,"column":16},"end":{"line":103,"column":32}},{"start":{"line":103,"column":28},"end":{"line":103,"column":32}}]},"25":{"loc":{"start":{"line":104,"column":5},"end":{"line":109,"column":6}},"type":"if","locations":[{"start":{"line":104,"column":5},"end":{"line":109,"column":6}},{"start":{"line":107,"column":12},"end":{"line":109,"column":6}}]},"26":{"loc":{"start":{"line":104,"column":9},"end":{"line":104,"column":53}},"type":"binary-expr","locations":[{"start":{"line":104,"column":9},"end":{"line":104,"column":30}},{"start":{"line":104,"column":34},"end":{"line":104,"column":53}}]},"27":{"loc":{"start":{"line":115,"column":9},"end":{"line":115,"column":null}},"type":"cond-expr","locations":[{"start":{"line":115,"column":37},"end":{"line":115,"column":44}},{"start":{"line":115,"column":47},"end":{"line":115,"column":null}}]},"28":{"loc":{"start":{"line":127,"column":9},"end":{"line":140,"column":3}},"type":"if","locations":[{"start":{"line":127,"column":9},"end":{"line":140,"column":3}},{"start":{"line":129,"column":9},"end":{"line":140,"column":3}}]},"29":{"loc":{"start":{"line":129,"column":9},"end":{"line":140,"column":3}},"type":"if","locations":[{"start":{"line":129,"column":9},"end":{"line":140,"column":3}},{"start":{"line":138,"column":9},"end":{"line":140,"column":3}}]},"30":{"loc":{"start":{"line":130,"column":3},"end":{"line":136,"column":4}},"type":"if","locations":[{"start":{"line":130,"column":3},"end":{"line":136,"column":4}},{"start":{"line":134,"column":10},"end":{"line":136,"column":4}}]},"31":{"loc":{"start":{"line":131,"column":15},"end":{"line":131,"column":33}},"type":"cond-expr","locations":[{"start":{"line":131,"column":27},"end":{"line":131,"column":31}},{"start":{"line":131,"column":31},"end":{"line":131,"column":33}}]},"32":{"loc":{"start":{"line":131,"column":15},"end":{"line":131,"column":31}},"type":"binary-expr","locations":[{"start":{"line":131,"column":15},"end":{"line":131,"column":31}},{"start":{"line":131,"column":27},"end":{"line":131,"column":31}}]},"33":{"loc":{"start":{"line":144,"column":1},"end":{"line":147,"column":2}},"type":"if","locations":[{"start":{"line":144,"column":1},"end":{"line":147,"column":2}}]},"34":{"loc":{"start":{"line":144,"column":5},"end":{"line":144,"column":41}},"type":"binary-expr","locations":[{"start":{"line":144,"column":5},"end":{"line":144,"column":16}},{"start":{"line":144,"column":20},"end":{"line":144,"column":41}}]},"35":{"loc":{"start":{"line":156,"column":1},"end":{"line":158,"column":2}},"type":"if","locations":[{"start":{"line":156,"column":1},"end":{"line":158,"column":2}}]}},"s":{"0":25,"1":25,"2":8,"3":17,"4":89,"5":68,"6":68,"7":12,"8":12,"9":12,"10":56,"11":26,"12":40,"13":40,"14":3,"15":37,"16":6,"17":6,"18":31,"19":31,"20":5,"21":4,"22":4,"23":1,"24":1,"25":5,"26":1,"27":4,"28":4,"29":1,"30":3,"31":26,"32":1,"33":1,"34":25,"35":25,"36":25,"37":25,"38":8,"39":17,"40":25,"41":25,"42":1,"43":24,"44":1,"45":5,"46":5,"47":2,"48":3,"49":1,"50":1,"51":1,"52":1,"53":1,"54":1,"55":1,"56":1,"57":3,"58":3,"59":3,"60":3,"61":3,"62":2,"63":1,"64":0,"65":0,"66":0,"67":0,"68":0,"69":0,"70":0,"71":0,"72":0,"73":0,"74":1,"75":1,"76":2,"77":1,"78":1,"79":0,"80":0,"81":0,"82":0,"83":0,"84":0,"85":0,"86":0,"87":1,"88":0,"89":0,"90":0,"91":1,"92":1,"93":12,"94":12,"95":3,"96":9,"97":9,"98":9,"99":9,"100":1,"101":76},"f":{"0":25,"1":89,"2":68,"3":26,"4":40,"5":5,"6":1,"7":0,"8":0,"9":12,"10":76},"b":{"0":[8],"1":[89,89,89],"2":[12],"3":[68,12],"4":[3],"5":[6],"6":[5],"7":[31,5],"8":[4,1],"9":[1],"10":[1],"11":[1],"12":[26,2],"13":[8,17],"14":[1],"15":[25,1],"16":[2],"17":[3,2],"18":[5,2],"19":[2,1],"20":[1],"21":[2,1],"22":[0,1],"23":[0,0],"24":[0,0],"25":[0,0],"26":[0,0],"27":[0,0],"28":[1,0],"29":[0,0],"30":[0,0],"31":[0,0],"32":[0,0],"33":[0],"34":[1,0],"35":[3]}}
}
