TN:
SF:join.ts
FN:1,joinLinesSelectText
FN:8,joinNextLine
FN:33,parseHeading
FN:41,joinPreviousLine
FN:61,isNullOrEmpty
FN:64,checkIndentLevel
FN:74,trimMarkdownListSymbol
FN:78,joinLinesCursorTextWithLists
FNF:8
FNH:7
FNDA:5,joinLinesSelectText
FNDA:25,joinNextLine
FNDA:18,parseHeading
FNDA:12,joinPreviousLine
FNDA:59,isNullOrEmpty
FNDA:54,checkIndentLevel
FNDA:19,trimMarkdownListSymbol
FNDA:0,joinLinesCursorTextWithLists
DA:1,1
DA:2,5
DA:3,5
DA:4,2
DA:6,3
DA:8,1
DA:12,25
DA:13,25
DA:14,3
DA:16,22
DA:17,4
DA:20,18
DA:21,18
DA:23,18
DA:24,18
DA:25,8
DA:27,10
DA:30,18
DA:34,18
DA:35,18
DA:36,8
DA:38,10
DA:41,1
DA:45,12
DA:46,12
DA:47,3
DA:50,9
DA:51,9
DA:53,9
DA:55,9
DA:62,59
DA:65,54
DA:66,54
DA:67,12
DA:68,12
DA:69,12
DA:71,42
DA:75,19
DA:82,0
DA:83,0
DA:84,0
DA:86,0
DA:87,0
DA:88,0
DA:90,0
DA:92,0
DA:95,0
DA:96,0
DA:98,0
DA:99,0
DA:100,0
DA:103,0
DA:104,0
DA:106,0
DA:107,0
DA:109,0
DA:110,0
DA:111,0
DA:112,0
DA:115,0
DA:116,0
DA:118,0
DA:119,0
DA:121,0
LF:64
LH:38
BRDA:3,0,0,2
BRDA:3,1,0,3
BRDA:3,1,1,2
BRDA:3,2,0,5
BRDA:3,2,1,2
BRDA:13,3,0,3
BRDA:16,4,0,4
BRDA:24,5,0,8
BRDA:24,5,1,10
BRDA:35,6,0,8
BRDA:46,7,0,3
BRDA:62,8,0,59
BRDA:62,8,1,59
BRDA:62,8,2,59
BRDA:66,9,0,12
BRDA:66,10,0,54
BRDA:66,10,1,12
BRDA:83,11,0,0
BRDA:88,12,0,0
BRDA:98,13,0,0
BRDA:98,14,0,0
BRDA:98,14,1,0
BRDA:103,15,0,0
BRDA:110,16,0,0
BRDA:115,17,0,0
BRF:25
BRH:17
end_of_record
