TN:
SF:join.ts
FN:1,joinLinesSelectText
FN:5,joinLinesCursorText
FN:36,isNullOrEmpty
FN:39,checkIndentLevel
FN:46,trimMarkdownListSymbol
FNF:5
FNH:4
FNDA:0,joinLinesSelectText
FNDA:1,joinLinesCursorText
FNDA:1,isNullOrEmpty
FNDA:2,checkIndentLevel
FNDA:1,trimMarkdownListSymbol
DA:1,1
DA:2,0
DA:5,1
DA:9,1
DA:10,1
DA:11,0
DA:13,1
DA:14,1
DA:16,1
DA:18,1
DA:20,1
DA:23,0
DA:24,0
DA:25,0
DA:26,0
DA:27,0
DA:30,0
DA:31,0
DA:33,0
DA:37,1
DA:40,2
DA:41,2
DA:42,0
DA:44,2
DA:47,1
LF:25
LH:14
BRDA:10,0,0,0
BRDA:16,1,0,1
BRDA:25,2,0,0
BRDA:25,3,0,0
BRDA:25,3,1,0
BRDA:37,4,0,1
BRDA:37,4,1,1
BRDA:37,4,2,1
BRDA:41,5,0,0
BRF:9
BRH:4
end_of_record
